<?xml version="1.0" encoding="UTF-8"?>
<!-- Generated by org.testng.reporters.JUnitReportReporter -->
<testsuite hostname="Hestabits-MacBook-Pro.local" failures="0" tests="1" name="IcontentTestCases.TC_007_Insurred_Creation" time="6.292" errors="0" timestamp="2024-05-10T19:32:53 IST" skipped="0">
  <testcase classname="IcontentTestCases.TC_007_Insurred_Creation" name="setup_Insurred_Creation" time="6.292"/>
</testsuite> <!-- IcontentTestCases.TC_007_Insurred_Creation -->
