<?xml version="1.0" encoding="UTF-8"?>
<!-- Generated by org.testng.reporters.JUnitReportReporter -->
<testsuite hostname="Hestabits-MacBook-Pro.local" failures="0" tests="1" name="IcontentTestCases.TC_001_Login" time="1.169" errors="0" timestamp="2024-05-08T23:22:51 IST" skipped="0">
  <testcase classname="IcontentTestCases.TC_001_Login" name="verify_login" time="1.169"/>
</testsuite> <!-- IcontentTestCases.TC_001_Login -->
