<?xml version="1.0" encoding="UTF-8"?>
<!-- Generated by org.testng.reporters.JUnitReportReporter -->
<testsuite hostname="Hestabits-MacBook-Pro.local" failures="0" tests="1" name="IcontentTestCases.TC_005_Professionalsignupwithcode" time="36.978" errors="0" timestamp="2024-05-15T13:59:16 IST" skipped="0">
  <testcase classname="IcontentTestCases.TC_005_Professionalsignupwithcode" name="Professionalsignupwithcode" time="36.978"/>
</testsuite> <!-- IcontentTestCases.TC_005_Professionalsignupwithcode -->
