<?xml version="1.0" encoding="UTF-8"?>
<!-- Generated by org.testng.reporters.JUnitReportReporter -->
<testsuite hostname="Hestabits-MacBook-Pro.local" failures="0" tests="1" name="IcontentTestCases.TC_006_Professional_ProjectCreate" time="21.308" errors="0" timestamp="2024-05-10T13:02:33 IST" skipped="0">
  <testcase classname="IcontentTestCases.TC_006_Professional_ProjectCreate" name="setup_Professional_ProjectCreate" time="21.308"/>
</testsuite> <!-- IcontentTestCases.TC_006_Professional_ProjectCreate -->
