<?xml version="1.0" encoding="UTF-8"?>
<!-- Generated by org.testng.reporters.JUnitReportReporter -->
<testsuite hostname="Hestabits-MacBook-Pro.local" failures="0" tests="1" name="IcontentTestCases.TC_008_Professionalcreate" time="8.226" errors="0" timestamp="2024-05-15T14:02:07 IST" skipped="0">
  <testcase classname="IcontentTestCases.TC_008_Professionalcreate" name="setup_Professioanlcreate" time="8.226"/>
</testsuite> <!-- IcontentTestCases.TC_008_Professionalcreate -->
