<?xml version="1.0" encoding="UTF-8"?>
<!-- Generated by org.testng.reporters.JUnitReportReporter -->
<testsuite hostname="Hestabits-MacBook-Pro.local" failures="0" tests="1" name="IcontentTestCases.TC_003_ProfessionalSignUp" time="25.666" errors="0" timestamp="2024-05-08T17:08:00 IST" skipped="0">
  <testcase classname="IcontentTestCases.TC_003_ProfessionalSignUp" name="ProfessionalSignUp" time="25.666"/>
</testsuite> <!-- IcontentTestCases.TC_003_ProfessionalSignUp -->
