<?xml version="1.0" encoding="UTF-8"?>
<!-- Generated by org.testng.reporters.JUnitReportReporter -->
<testsuite hostname="Hestabits-MacBook-Pro.local" failures="0" tests="1" name="IcontentTestCases.TC_004_HomeSignUp" time="20.849" errors="0" timestamp="2024-05-15T15:13:46 IST" skipped="0">
  <testcase classname="IcontentTestCases.TC_004_HomeSignUp" name="setup_signuphome" time="20.849"/>
</testsuite> <!-- IcontentTestCases.TC_004_HomeSignUp -->
