<?xml version="1.0" encoding="UTF-8"?>
<!-- Generated by org.testng.reporters.JUnitReportReporter -->
<testsuite hostname="Hestabits-MacBook-Pro.local" failures="0" tests="1" name="IcontentTestCases.TC_002_ForgetPassword" time="0.958" errors="0" timestamp="2024-05-08T17:08:00 IST" skipped="0">
  <testcase classname="IcontentTestCases.TC_002_ForgetPassword" name="setup_forgetpassword" time="0.958"/>
</testsuite> <!-- IcontentTestCases.TC_002_ForgetPassword -->
