<?xml version="1.0" encoding="UTF-8"?>
<!-- Generated by org.testng.reporters.JUnitReportReporter -->
<testsuite hostname="Hestabits-MacBook-Pro.local" failures="0" tests="1" name="IcontentTestCases.TC_009_Professional_Invite_Cancel" time="14.584" errors="0" timestamp="2024-05-15T16:23:12 IST" skipped="0">
  <testcase classname="IcontentTestCases.TC_009_Professional_Invite_Cancel" name="setup_Professional_Invite_Cancel" time="14.584"/>
</testsuite> <!-- IcontentTestCases.TC_009_Professional_Invite_Cancel -->
